INFO | app_logger | 2023-04-02 12:39:32,587 | 19 | The program has started.
INFO | calculator | 2023-04-02 12:39:37,091 | 18 | Calculator started working.
INFO | calculator | 2023-04-02 12:39:37,095 | 23 | Summation completed successfully.
INFO | calculator | 2023-04-02 12:39:37,097 | 46 | Calculator finished work.
INFO | app_logger | 2023-04-02 12:39:37,098 | 24 | App finished work.
INFO | app_logger | 2023-04-02 12:39:43,332 | 19 | The program has started.
INFO | calculator | 2023-04-02 12:39:46,323 | 18 | Calculator started working.
INFO | calculator | 2023-04-02 12:39:46,327 | 46 | Calculator finished work.
INFO | app_logger | 2023-04-02 12:39:46,328 | 24 | App finished work.
INFO | app_logger | 2023-04-02 12:39:50,878 | 19 | The program has started.
INFO | calculator | 2023-04-02 12:39:53,915 | 18 | Calculator started working.
INFO | calculator | 2023-04-02 12:39:53,917 | 29 | Multiplication completed successfully.
INFO | calculator | 2023-04-02 12:39:53,918 | 46 | Calculator finished work.
INFO | app_logger | 2023-04-02 12:39:53,919 | 24 | App finished work.
INFO | app_logger | 2023-04-02 12:47:32,708 | 17 | The program has started.
INFO | utils_logger | 2023-04-02 12:47:36,260 | 18 | Calculator started working.
INFO | utils_logger | 2023-04-02 12:47:36,263 | 23 | Summation completed successfully.
INFO | utils_logger | 2023-04-02 12:47:36,266 | 46 | Calculator finished work.
INFO | app_logger | 2023-04-02 12:47:36,268 | 22 | App finished work.
INFO | app_logger | 2023-04-02 12:47:42,696 | 17 | The program has started.
INFO | utils_logger | 2023-04-02 12:47:45,379 | 18 | Calculator started working.
INFO | utils_logger | 2023-04-02 12:47:45,380 | 46 | Calculator finished work.
INFO | app_logger | 2023-04-02 12:47:45,381 | 22 | App finished work.
INFO | app_logger | 2023-04-02 12:47:50,736 | 17 | The program has started.
INFO | utils_logger | 2023-04-02 12:47:53,456 | 18 | Calculator started working.
INFO | utils_logger | 2023-04-02 12:47:53,458 | 41 | Raising a number to a power completed successfully.
INFO | utils_logger | 2023-04-02 12:47:53,458 | 46 | Calculator finished work.
INFO | app_logger | 2023-04-02 12:47:53,459 | 22 | App finished work.
INFO | app_logger | 2023-04-02 13:03:01,854 | 17 | The program has started.
INFO | utils_logger | 2023-04-02 13:03:04,811 | 18 | Calculator started working.
INFO | utils_logger | 2023-04-02 13:03:04,813 | 23 | Summation completed successfully.
INFO | utils_logger | 2023-04-02 13:03:04,814 | 46 | Calculator finished work.
INFO | app_logger | 2023-04-02 13:03:04,816 | 22 | App finished work.
INFO | app_logger | 2023-04-02 13:05:27,055 | 17 | The program has started.
INFO | utils_logger | 2023-04-02 13:05:30,457 | 18 | Calculator started working.
INFO | utils_logger | 2023-04-02 13:05:30,466 | 23 | Summation completed successfully.
INFO | utils_logger | 2023-04-02 13:05:30,467 | 46 | Calculator finished work.
INFO | app_logger | 2023-04-02 13:05:30,468 | 22 | App finished work.
INFO | app_logger | 2023-04-02 13:19:17,912 | 9 | The program has started.
INFO | utils_logger | 2023-04-02 13:19:20,922 | 10 | Calculator started working.
INFO | utils_logger | 2023-04-02 13:19:20,929 | 15 | Summation completed successfully.
INFO | utils_logger | 2023-04-02 13:19:20,931 | 38 | Calculator finished work.
INFO | app_logger | 2023-04-02 13:19:20,933 | 14 | App finished work.
INFO | app_logger | 2023-04-02 13:21:02,354 | 9 | The program has started.
INFO | utils_logger | 2023-04-02 13:21:05,597 | 10 | Calculator started working.
INFO | utils_logger | 2023-04-02 13:21:05,608 | 21 | Multiplication completed successfully.
INFO | utils_logger | 2023-04-02 13:21:05,610 | 38 | Calculator finished work.
INFO | app_logger | 2023-04-02 13:21:05,612 | 14 | App finished work.
INFO | app_logger | 2023-04-02 13:21:21,136 | 9 | The program has started.
INFO | utils_logger | 2023-04-02 13:21:24,646 | 10 | Calculator started working.
INFO | utils_logger | 2023-04-02 13:21:24,649 | 38 | Calculator finished work.
INFO | app_logger | 2023-04-02 13:21:24,649 | 14 | App finished work.
INFO | app_logger | 2023-04-02 13:21:34,268 | 9 | The program has started.
INFO | utils_logger | 2023-04-02 13:21:39,051 | 10 | Calculator started working.
INFO | utils_logger | 2023-04-02 13:21:39,060 | 21 | Multiplication completed successfully.
INFO | utils_logger | 2023-04-02 13:21:39,061 | 38 | Calculator finished work.
INFO | app_logger | 2023-04-02 13:21:39,061 | 14 | App finished work.
INFO | app_logger | 2023-04-02 13:23:35,547 | 9 | The program has started.
INFO | utils_logger | 2023-04-02 13:23:38,476 | 10 | Calculator started working.
INFO | utils_logger | 2023-04-02 13:23:38,484 | 21 | Multiplication completed successfully.
INFO | utils_logger | 2023-04-02 13:23:38,485 | 38 | Calculator finished work.
INFO | app_logger | 2023-04-02 13:23:38,489 | 14 | App finished work.
INFO | app_logger | 2023-04-02 13:24:14,667 | 9 | The program has started.
INFO | utils_logger | 2023-04-02 13:24:19,606 | 10 | Calculator started working.
INFO | utils_logger | 2023-04-02 13:24:19,610 | 38 | Calculator finished work.
INFO | app_logger | 2023-04-02 13:24:19,612 | 14 | App finished work.
INFO | app_logger | 2023-04-02 13:35:57,065 | 9 | The program has started.
INFO | app_logger.utils_logger | 2023-04-02 13:36:03,399 | 10 | Calculator started working.
INFO | app_logger.utils_logger | 2023-04-02 13:36:03,400 | 33 | Raising a number to a power completed successfully.
INFO | app_logger.utils_logger | 2023-04-02 13:36:03,401 | 38 | Calculator finished work.
INFO | app_logger | 2023-04-02 13:36:03,404 | 14 | App finished work.
INFO | app_logger | 2023-04-02 13:36:41,326 | 9 | The program has started.
INFO | utils_logger | 2023-04-02 13:36:43,922 | 10 | Calculator started working.
INFO | utils_logger | 2023-04-02 13:36:43,925 | 33 | Raising a number to a power completed successfully.
INFO | utils_logger | 2023-04-02 13:36:43,928 | 38 | Calculator finished work.
INFO | app_logger | 2023-04-02 13:36:43,928 | 14 | App finished work.
INFO | app_logger | 2023-04-02 13:40:05,742 | 10 | The program has started.
INFO | utils_logger | 2023-04-02 13:40:10,995 | 10 | Calculator started working.
INFO | utils_logger | 2023-04-02 13:40:10,996 | 21 | Multiplication completed successfully.
INFO | utils_logger | 2023-04-02 13:40:10,996 | 38 | Calculator finished work.
INFO | app_logger | 2023-04-02 13:40:10,997 | 15 | App finished work.
INFO | app_logger | 2023-04-02 13:42:17,565 | 12 | The program has started.
INFO | utils_logger | 2023-04-02 13:42:20,511 | 10 | Calculator started working.
INFO | utils_logger | 2023-04-02 13:42:20,513 | 21 | Multiplication completed successfully.
INFO | utils_logger | 2023-04-02 13:42:20,515 | 38 | Calculator finished work.
INFO | app_logger | 2023-04-02 13:42:20,516 | 17 | App finished work.
INFO | app_logger | 2023-04-02 14:17:55,824 | 10 | The program has started.
INFO | utils_logger | 2023-04-02 14:18:03,994 | 10 | Calculator started working.
INFO | utils_logger | 2023-04-02 14:18:03,996 | 15 | Summation completed successfully.
INFO | utils_logger | 2023-04-02 14:18:03,997 | 38 | Calculator finished work.
INFO | app_logger | 2023-04-02 14:18:03,999 | 15 | App finished work.
INFO | app_logger | 2023-04-02 14:19:13,980 | 10 | The program has started.
INFO | utils_logger | 2023-04-02 14:19:16,928 | 10 | Calculator started working.
INFO | utils_logger | 2023-04-02 14:19:16,931 | 21 | Multiplication completed successfully.
INFO | utils_logger | 2023-04-02 14:19:16,933 | 38 | Calculator finished work.
INFO | app_logger | 2023-04-02 14:19:16,934 | 15 | App finished work.
INFO | app_logger | 2023-04-02 14:20:20,687 | 10 | The program has started.
INFO | utils_logger | 2023-04-02 14:20:24,062 | 10 | Calculator started working.
INFO | utils_logger | 2023-04-02 14:20:24,068 | 21 | Multiplication completed successfully.
INFO | utils_logger | 2023-04-02 14:20:24,069 | 38 | Calculator finished work.
INFO | app_logger | 2023-04-02 14:20:24,078 | 15 | App finished work.
INFO | app_logger | 2023-04-02 14:20:24,079 | 17 | ASCII test true: test
INFO | app_logger | 2023-04-02 14:20:33,767 | 10 | The program has started.
INFO | utils_logger | 2023-04-02 14:20:37,465 | 10 | Calculator started working.
INFO | utils_logger | 2023-04-02 14:20:37,470 | 33 | Raising a number to a power completed successfully.
INFO | utils_logger | 2023-04-02 14:20:37,476 | 38 | Calculator finished work.
INFO | app_logger | 2023-04-02 14:20:37,478 | 15 | App finished work.
INFO | app_logger | 2023-04-02 14:20:37,479 | 17 | ASCII test true: test
INFO | utils_logger | 2023-04-02 14:21:34,539 | 41 | ASCII test true: test
INFO | app_logger | 2023-04-02 14:21:34,542 | 10 | The program has started.
INFO | utils_logger | 2023-04-02 14:21:41,062 | 10 | Calculator started working.
INFO | utils_logger | 2023-04-02 14:21:41,068 | 18 | Subtraction completed successfully.
INFO | utils_logger | 2023-04-02 14:21:41,071 | 38 | Calculator finished work.
INFO | app_logger | 2023-04-02 14:21:41,073 | 15 | App finished work.
INFO | app_logger | 2023-04-02 14:21:41,074 | 17 | ASCII test true: test
INFO | app_logger | 2023-04-02 14:22:20,768 | 10 | The program has started.
INFO | utils_logger | 2023-04-02 14:22:25,487 | 10 | Calculator started working.
INFO | utils_logger | 2023-04-02 14:22:25,488 | 12 | ASCII test true: test
INFO | utils_logger | 2023-04-02 14:22:25,491 | 22 | Subtraction completed successfully.
INFO | utils_logger | 2023-04-02 14:22:25,493 | 42 | Calculator finished work.
INFO | app_logger | 2023-04-02 14:22:25,494 | 15 | App finished work.
INFO | app_logger | 2023-04-02 14:22:25,495 | 17 | ASCII test true: test
INFO | app_logger | 2023-04-02 14:28:22,165 | 10 | The program has started.
INFO | utils_logger | 2023-04-02 14:28:26,181 | 10 | Calculator started working.
INFO | utils_logger | 2023-04-02 14:28:26,188 | 12 | ASCII test true: test
INFO | utils_logger | 2023-04-02 14:28:26,192 | 19 | Summation completed successfully.
INFO | utils_logger | 2023-04-02 14:28:26,193 | 42 | Calculator finished work.
INFO | app_logger | 2023-04-02 14:28:26,194 | 15 | App finished work.
INFO | app_logger | 2023-04-02 14:28:26,195 | 17 | ASCII test true: test
INFO | app_logger | 2023-04-04 17:03:31,880 | 10 | The program has started.
INFO | utils_logger | 2023-04-04 17:03:36,180 | 10 | Calculator started working.
INFO | utils_logger | 2023-04-04 17:03:36,189 | 12 | ASCII test true: test
INFO | utils_logger | 2023-04-04 17:03:36,195 | 19 | Summation completed successfully.
INFO | utils_logger | 2023-04-04 17:03:36,199 | 42 | Calculator finished work.
INFO | app_logger | 2023-04-04 17:03:36,202 | 15 | App finished work.
INFO | app_logger | 2023-04-04 17:03:36,205 | 17 | ASCII test true: test
INFO | app_logger | 2023-04-04 17:04:53,252 | 10 | The program has started.
INFO | utils_logger | 2023-04-04 17:04:58,252 | 10 | Calculator started working.
INFO | utils_logger | 2023-04-04 17:04:58,260 | 12 | ASCII test true: test
INFO | utils_logger | 2023-04-04 17:04:58,271 | 42 | Calculator finished work.
INFO | app_logger | 2023-04-04 17:04:58,275 | 15 | App finished work.
INFO | app_logger | 2023-04-04 17:04:58,278 | 17 | ASCII test true: test
INFO | app_logger | 2023-04-04 17:05:26,779 | 10 | The program has started.
INFO | utils_logger | 2023-04-04 17:05:30,761 | 10 | Calculator started working.
INFO | utils_logger | 2023-04-04 17:05:30,770 | 12 | ASCII test true: test
INFO | utils_logger | 2023-04-04 17:05:30,782 | 19 | Summation completed successfully.
INFO | utils_logger | 2023-04-04 17:05:30,789 | 42 | Calculator finished work.
INFO | app_logger | 2023-04-04 17:05:30,796 | 15 | App finished work.
INFO | app_logger | 2023-04-04 17:05:30,802 | 17 | ASCII test true: test
INFO | app_logger | 2023-04-04 17:06:37,240 | 10 | The program has started.
INFO | utils_logger | 2023-04-04 17:06:41,062 | 10 | Calculator started working.
INFO | utils_logger | 2023-04-04 17:06:41,070 | 12 | ASCII test true: test
INFO | utils_logger | 2023-04-04 17:06:41,078 | 19 | Summation completed successfully.
INFO | utils_logger | 2023-04-04 17:06:41,084 | 42 | Calculator finished work.
INFO | app_logger | 2023-04-04 17:06:41,091 | 15 | App finished work.
INFO | app_logger | 2023-04-04 17:06:41,098 | 17 | ASCII test true: test
INFO | app_logger | 2023-04-04 17:07:48,800 | 10 | The program has started.
INFO | utils_logger | 2023-04-04 17:07:52,981 | 10 | Calculator started working.
INFO | utils_logger | 2023-04-04 17:07:52,996 | 12 | ASCII test true: test
INFO | utils_logger | 2023-04-04 17:07:53,009 | 19 | Summation completed successfully.
INFO | utils_logger | 2023-04-04 17:07:53,017 | 42 | Calculator finished work.
INFO | app_logger | 2023-04-04 17:07:53,023 | 15 | App finished work.
INFO | app_logger | 2023-04-04 17:07:53,030 | 17 | ASCII test true: test
INFO | app_logger | 2023-04-04 17:09:47,773 | 10 | The program has started.
INFO | utils_logger | 2023-04-04 17:09:51,337 | 10 | Calculator started working.
INFO | utils_logger | 2023-04-04 17:09:51,355 | 12 | ASCII test true: test
INFO | utils_logger | 2023-04-04 17:09:51,378 | 42 | Calculator finished work.
INFO | app_logger | 2023-04-04 17:09:51,390 | 15 | App finished work.
INFO | app_logger | 2023-04-04 17:09:51,397 | 17 | ASCII test true: test
INFO | app_logger | 2023-04-04 17:14:19,320 | 10 | The program has started.
INFO | utils_logger | 2023-04-04 17:14:22,123 | 10 | Calculator started working.
INFO | utils_logger | 2023-04-04 17:14:22,141 | 12 | ASCII test true: test
INFO | utils_logger | 2023-04-04 17:14:22,156 | 19 | Summation completed successfully.
INFO | utils_logger | 2023-04-04 17:14:22,167 | 42 | Calculator finished work.
INFO | app_logger | 2023-04-04 17:14:22,176 | 15 | App finished work.
INFO | app_logger | 2023-04-04 17:14:22,182 | 17 | ASCII test true: test
